{
  "stats": {
    "suites": 0,
    "tests": 1,
    "passes": 1,
    "pending": 0,
    "failures": 0,
    "start": "2022-10-05T14:19:06.303Z",
    "end": "2022-10-05T14:19:19.296Z",
    "duration": 12993,
    "testsRegistered": 1,
    "passPercent": 100,
    "pendingPercent": 0,
    "other": 0,
    "hasOther": false,
    "skipped": 0,
    "hasSkipped": false
  },
  "results": [
    {
      "uuid": "935b6a92-25d9-4b86-afa1-69c4c9136477",
      "title": "",
      "fullFile": "cypress\\e2e\\index.cy.js",
      "file": "cypress\\e2e\\index.cy.js",
      "beforeHooks": [],
      "afterHooks": [],
      "tests": [
        {
          "title": "adactin",
          "fullTitle": "adactin",
          "timedOut": null,
          "duration": 8721,
          "state": "passed",
          "speed": "medium",
          "pass": true,
          "fail": false,
          "pending": false,
          "context": null,
          "code": "/* ==== Generated with Cypress Studio ==== */\ncy.visit('https://adactinhotelapp.com/');\ncy.get('#username').clear('Francis3535');\ncy.get('#username').type('Francis3535');\ncy.get('#password').clear('F');\ncy.get('#password').type('Francis@123');\ncy.get('#login').click();",
          "err": {},
          "uuid": "1920dc12-5b97-43c6-96c3-e99aef642ea5",
          "parentUUID": "935b6a92-25d9-4b86-afa1-69c4c9136477",
          "isHook": false,
          "skipped": false
        }
      ],
      "suites": [],
      "passes": [
        "1920dc12-5b97-43c6-96c3-e99aef642ea5"
      ],
      "failures": [],
      "pending": [],
      "skipped": [],
      "duration": 8721,
      "root": true,
      "rootEmpty": false,
      "_timeout": 2000
    }
  ],
  "meta": {
    "mocha": {
      "version": "7.0.1"
    },
    "mochawesome": {
      "options": {
        "quiet": false,
        "reportFilename": "mochawesome",
        "saveHtml": false,
        "saveJson": true,
        "consoleReporter": "spec",
        "useInlineDiffs": false,
        "code": true
      },
      "version": "7.1.3"
    },
    "marge": {
      "options": {
        "reportDir": "mochawesome-report",
        "overwrite": false,
        "html": false,
        "json": true
      },
      "version": "6.2.0"
    }
  }
}