{
  "stats": {
    "suites": 0,
    "tests": 1,
    "passes": 1,
    "pending": 0,
    "failures": 0,
    "start": "2022-10-05T11:37:19.025Z",
    "end": "2022-10-05T11:37:47.539Z",
    "duration": 28514,
    "testsRegistered": 1,
    "passPercent": 100,
    "pendingPercent": 0,
    "other": 0,
    "hasOther": false,
    "skipped": 0,
    "hasSkipped": false
  },
  "results": [
    {
      "uuid": "50fbeca7-f4f2-4889-8576-bcb849f8b2ac",
      "title": "",
      "fullFile": "cypress/e2e/index.cy.js",
      "file": "cypress/index.cy.js",
      "beforeHooks": [],
      "afterHooks": [],
      "tests": [
        {
          "title": "adactin",
          "fullTitle": "adactin",
          "timedOut": null,
          "duration": 23780,
          "state": "passed",
          "speed": "slow",
          "pass": true,
          "fail": false,
          "pending": false,
          "context": null,
          "code": "/* ==== Generated with Cypress Studio ==== */\ncy.visit('https://adactinhotelapp.com/');\ncy.get('#username').clear('Francis3535');\ncy.get('#username').type('Francis3535');\ncy.get('#password').clear('F');\ncy.get('#password').type('Francis@123');\ncy.get('#login').click();",
          "err": {},
          "uuid": "f6edcf2a-dea8-4623-83a9-1f06db84be61",
          "parentUUID": "50fbeca7-f4f2-4889-8576-bcb849f8b2ac",
          "isHook": false,
          "skipped": false
        }
      ],
      "suites": [],
      "passes": [
        "f6edcf2a-dea8-4623-83a9-1f06db84be61"
      ],
      "failures": [],
      "pending": [],
      "skipped": [],
      "duration": 23780,
      "root": true,
      "rootEmpty": false,
      "_timeout": 2000
    }
  ],
  "meta": {
    "mocha": {
      "version": "7.0.1"
    },
    "mochawesome": {
      "options": {
        "quiet": false,
        "reportFilename": "mochawesome",
        "saveHtml": false,
        "saveJson": true,
        "consoleReporter": "spec",
        "useInlineDiffs": false,
        "code": true
      },
      "version": "7.1.3"
    },
    "marge": {
      "options": {
        "reportDir": "mochawesome-report",
        "overwrite": false,
        "html": false,
        "json": true
      },
      "version": "6.2.0"
    }
  }
}